<?xml version="1.0" encoding="UTF-8"?>
<!-- Generated by org.testng.reporters.JUnitReportReporter -->
<testsuite hostname="LAPTOP-7IJ15K6L" failures="0" tests="1" name="tPack.ClassThree" time="0.020" errors="0" timestamp="2022-06-02T14:39:23 IST" skipped="0">
  <testcase classname="tPack.ClassThree" name="testThree" time="0.020"/>
  <system-out/>
</testsuite> <!-- tPack.ClassThree -->
