<?xml version="1.0" encoding="UTF-8"?>
<!-- Generated by org.testng.reporters.JUnitReportReporter -->
<testsuite hostname="LAPTOP-7IJ15K6L" failures="0" tests="3" name="oPack.ClassFive" time="0.035" errors="0" timestamp="2022-06-02T17:59:33 IST" skipped="0">
  <testcase classname="oPack.ClassFive" name="testFive" time="0.020"/>
  <system-out/>
  <testcase classname="oPack.ClassFive" name="testFive" time="0.007"/>
  <system-out/>
  <testcase classname="oPack.ClassFive" name="testFive" time="0.008"/>
  <system-out/>
</testsuite> <!-- oPack.ClassFive -->
