<?xml version="1.0" encoding="UTF-8"?>
<!-- Generated by org.testng.reporters.JUnitReportReporter -->
<testsuite hostname="LAPTOP-7IJ15K6L" failures="0" tests="4" name="kPack.ClassEight" time="0.019" errors="0" timestamp="2022-06-02T14:39:23 IST" skipped="1">
  <testcase classname="kPack.ClassEight" name="wallmart" time="0.004"/>
  <system-out/>
  <testcase classname="kPack.ClassEight" name="flipkart" time="0.006"/>
  <system-out/>
  <testcase classname="kPack.ClassEight" name="amazon" time="0.009"/>
  <system-out/>
  <testcase classname="kPack.ClassEight" name="bigbazar">
    <skipped/>
  </testcase> <!-- bigbazar -->
  <system-out/>
</testsuite> <!-- kPack.ClassEight -->
