<?xml version="1.0" encoding="UTF-8"?>
<!-- Generated by org.testng.reporters.JUnitReportReporter -->
<testsuite hostname="LAPTOP-7IJ15K6L" failures="0" tests="3" name="mpack.testOne" time="0.013" errors="0" timestamp="2022-05-31T15:33:18 IST" skipped="0">
  <testcase classname="mpack.testOne" name="ragistrationpage" time="0.008"/>
  <system-out/>
  <testcase classname="mpack.testOne" name="loginpage" time="0.003"/>
  <system-out/>
  <testcase classname="mpack.testOne" name="homepage" time="0.002"/>
  <system-out/>
</testsuite> <!-- mpack.testOne -->
