<?xml version="1.0" encoding="UTF-8"?>
<!-- Generated by org.testng.reporters.JUnitReportReporter -->
<testsuite hostname="LAPTOP-7IJ15K6L" failures="0" tests="3" name="kPack.classNine" time="0.018" errors="0" timestamp="2022-06-02T16:36:30 IST" skipped="0">
  <testcase classname="kPack.classNine" name="loginFunctionality" time="0.010"/>
  <system-out/>
  <testcase classname="kPack.classNine" name="loginFunctionality" time="0.004"/>
  <system-out/>
  <testcase classname="kPack.classNine" name="loginFunctionality" time="0.004"/>
  <system-out/>
</testsuite> <!-- kPack.classNine -->
