<?xml version="1.0" encoding="UTF-8"?>
<!-- Generated by org.testng.reporters.JUnitReportReporter -->
<testsuite hostname="LAPTOP-7IJ15K6L" failures="0" tests="5" name="tPack.ClassOne" time="0.042" errors="0" timestamp="2022-06-02T14:30:50 IST" skipped="0">
  <testcase classname="tPack.ClassOne" name="testOneB" time="0.013"/>
  <system-out/>
  <testcase classname="tPack.ClassOne" name="testOneD" time="0.005"/>
  <system-out/>
  <testcase classname="tPack.ClassOne" name="testOneA" time="0.019"/>
  <system-out/>
  <testcase classname="tPack.ClassOne" name="testOneE" time="0.002"/>
  <system-out/>
  <testcase classname="tPack.ClassOne" name="testOneC" time="0.003"/>
  <system-out/>
</testsuite> <!-- tPack.ClassOne -->
