<?xml version="1.0" encoding="UTF-8"?>
<!-- Generated by org.testng.reporters.JUnitReportReporter -->
<testsuite hostname="LAPTOP-7IJ15K6L" failures="0" tests="1" name="kPack.ClassSeven" time="0.006" errors="0" timestamp="2022-06-02T14:39:23 IST" skipped="0">
  <testcase classname="kPack.ClassSeven" name="testSeven" time="0.006"/>
  <system-out/>
</testsuite> <!-- kPack.ClassSeven -->
