<?xml version="1.0" encoding="UTF-8"?>
<!-- Generated by org.testng.reporters.JUnitReportReporter -->
<testsuite hostname="LAPTOP-7IJ15K6L" failures="0" tests="1" name="tPack.ClassTwo" time="0.002" errors="0" timestamp="2022-06-02T14:39:23 IST" skipped="0">
  <testcase classname="tPack.ClassTwo" name="testTwo" time="0.002"/>
  <system-out/>
</testsuite> <!-- tPack.ClassTwo -->
